
FIRST_NAME	     LAST_NAME		      SALARY
-------------------- -------------------- ----------
Winston 	     Taylor		  ##########
Jean		     Fleaur		  ##########
Martha		     Sullivan		  ##########
Girard		     Geoni		  ##########
Nandita 	     Sarchand		  ##########
Alexis		     Bull		  ##########
Julia		     Dellinger		  ##########
Anthony 	     Cabrio		  ##########
Kelly		     Chung		  ##########
Jennifer	     Dilly		  ##########
Timothy 	     Venzl		  ##########

FIRST_NAME	     LAST_NAME		      SALARY
-------------------- -------------------- ----------
Randall 	     Perkins		  ##########
Sarah		     Bell		  ##########
Britney 	     Everett		  ##########
Samuel		     McLeod		  ##########
Vance		     Jones		  ##########
Alana		     Walsh		  ##########
Kevin		     Feeney		  ##########
Donald		     OConnell		  ##########
Douglas 	     Grant		  ##########
Jennifer	     Whalen		  ##########

21 rows selected.

